#
# There is insufficient memory for the Java Runtime Environment to continue.
# Native memory allocation (malloc) failed to allocate 2097152 bytes for AllocateHeap
# Possible reasons:
#   The system is out of physical RAM or swap space
#   The process is running with CompressedOops enabled, and the Java Heap may be blocking the growth of the native heap
# Possible solutions:
#   Reduce memory load on the system
#   Increase physical memory or swap space
#   Check if swap backing store is full
#   Decrease Java heap size (-Xmx/-Xms)
#   Decrease number of Java threads
#   Decrease Java thread stack sizes (-Xss)
#   Set larger code cache with -XX:ReservedCodeCacheSize=
#   JVM is running with Unscaled Compressed Oops mode in which the Java heap is
#     placed in the first 4GB address space. The Java Heap base address is the
#     maximum limit for the native heap growth. Please use -XX:HeapBaseMinAddress
#     to set the Java Heap base and to place the Java Heap above 4GB virtual address.
# This output file may be truncated or incomplete.
#
#  Out of Memory Error (allocation.cpp:44), pid=19520, tid=25740
#
# JRE version: OpenJDK Runtime Environment Temurin-17.0.9+9 (17.0.9+9) (build 17.0.9+9)
# Java VM: OpenJDK 64-Bit Server VM Temurin-17.0.9+9 (17.0.9+9, mixed mode, sharing, tiered, compressed oops, compressed class ptrs, g1 gc, windows-amd64)
# No core dump will be written. Minidumps are not enabled by default on client versions of Windows
#

---------------  S U M M A R Y ------------

Command Line: -Xmx512m -DlanguageId_xjal=en0xppfr -DbuiltInTileCachePath_xjal=C:\Program Files\AnyLogic 8.9 Personal Learning Edition\plugins\com.anylogic.gis_8.9.6.202509050523\tiles -DflowchartCountersVisible_xjal=true -DflowchartPortStateAnimated_xjal=true -DenableWarnings_xjal=true -DenableObject3DLod_xjal=true -Denable2DVisibilityCheck_xjal=true -DstandaloneBrowserPath_xjal=C:/Program Files/AnyLogic 8.9 Personal Learning Edition/chromium/chromium-win64/chrome.exe -DstandaloneBrowserCommandArguments_xjal=--app=$1 --test-type -DanylogicIncomingPort_xjal=7880 -DbrowserUserDataPath_xjal=--user-data-dir=C:\Users\ferna\.AnyLogicPLE\Workspace8.8\chromium\userData -DuseProxy_xjal=false -Dfile.encoding=UTF-8 -XX:+ShowCodeDetailsInExceptionMessages com.anylogic.ms.MS criminalidadoaxacavallesc.Simulation 1c0e00d

Host: AMD Ryzen 5 5500U with Radeon Graphics         , 12 cores, 5G,  Windows 11 , 64 bit Build 22621 (10.0.22621.3958)
Time: Sat Dec  6 14:04:06 2025 Hora estándar central (México) elapsed time: 2309.984537 seconds (0d 0h 38m 29s)

---------------  T H R E A D  ---------------

Current thread (0x000001f97d253550):  VMThread "VM Thread" [stack: 0x000000488e600000,0x000000488e700000] [id=25740]

Stack: [0x000000488e600000,0x000000488e700000]
Native frames: (J=compiled Java code, j=interpreted, Vv=VM code, C=native code)
V  [jvm.dll+0x67cf49]
V  [jvm.dll+0x83478a]
V  [jvm.dll+0x83624e]
V  [jvm.dll+0x8368b3]
V  [jvm.dll+0x247f1f]
V  [jvm.dll+0xa6b4b]
V  [jvm.dll+0x2f8f01]
V  [jvm.dll+0x2f4af0]
V  [jvm.dll+0x2dd0d7]
V  [jvm.dll+0x320357]
V  [jvm.dll+0x83adab]
V  [jvm.dll+0x83baf1]
V  [jvm.dll+0x83c00d]
V  [jvm.dll+0x83c3e4]
V  [jvm.dll+0x83c4b0]
V  [jvm.dll+0x7e3c3a]
V  [jvm.dll+0x67be35]
C  [ucrtbase.dll+0x29333]
C  [KERNEL32.DLL+0x1257d]
C  [ntdll.dll+0x5af08]

VM_Operation (0x00000048933fe880): G1CollectFull, mode: safepoint, requested by thread 0x000001f97e433350


---------------  P R O C E S S  ---------------

Threads class SMR info:
_java_thread_list=0x000001f97eee3750, length=39, elements={
0x000001f97d255d20, 0x000001f97d256ab0, 0x000001f97d269cf0, 0x000001f97d26a7c0,
0x000001f97d26d1a0, 0x000001f97d275a80, 0x000001f97d279c30, 0x000001f97d27ba00,
0x000001f97d27eb00, 0x000001f97d61b630, 0x000001f97d62d560, 0x000001f97e1ab710,
0x000001f97e1abbf0, 0x000001f97e102190, 0x000001f97e102670, 0x000001f97e0fad60,
0x000001f97e0fb240, 0x000001f97e10e840, 0x000001f97e10ed50, 0x000001f97e10cef0,
0x000001f97e10f260, 0x000001f97e10de20, 0x000001f97e10f770, 0x000001f97e10e330,
0x000001f97e1106a0, 0x000001f97e10fc80, 0x000001f97e110190, 0x000001f97e439890,
0x000001f97e4365f0, 0x000001f97e433d70, 0x000001f97e438450, 0x000001f97e4356c0,
0x000001f97e432930, 0x000001f97e43a2b0, 0x000001f97e439380, 0x000001f97e434790,
0x000001f97e433350, 0x000001f97e436b00, 0x000001f97e437520
}

Java Threads: ( => current thread )
  0x000001f97d255d20 JavaThread "Reference Handler" daemon [_thread_blocked, id=21684, stack(0x000000488e700000,0x000000488e800000)]
  0x000001f97d256ab0 JavaThread "Finalizer" daemon [_thread_blocked, id=17108, stack(0x000000488e800000,0x000000488e900000)]
  0x000001f97d269cf0 JavaThread "Signal Dispatcher" daemon [_thread_blocked, id=15372, stack(0x000000488e900000,0x000000488ea00000)]
  0x000001f97d26a7c0 JavaThread "Attach Listener" daemon [_thread_blocked, id=6408, stack(0x000000488ea00000,0x000000488eb00000)]
  0x000001f97d26d1a0 JavaThread "Service Thread" daemon [_thread_blocked, id=43180, stack(0x000000488eb00000,0x000000488ec00000)]
  0x000001f97d275a80 JavaThread "Monitor Deflation Thread" daemon [_thread_blocked, id=7216, stack(0x000000488ec00000,0x000000488ed00000)]
  0x000001f97d279c30 JavaThread "C2 CompilerThread0" daemon [_thread_blocked, id=19884, stack(0x000000488ed00000,0x000000488ee00000)]
  0x000001f97d27ba00 JavaThread "C1 CompilerThread0" daemon [_thread_blocked, id=17272, stack(0x000000488ee00000,0x000000488ef00000)]
  0x000001f97d27eb00 JavaThread "Sweeper thread" daemon [_thread_blocked, id=44056, stack(0x000000488ef00000,0x000000488f000000)]
  0x000001f97d61b630 JavaThread "Notification Thread" daemon [_thread_blocked, id=21632, stack(0x000000488f000000,0x000000488f100000)]
  0x000001f97d62d560 JavaThread "Common-Cleaner" daemon [_thread_blocked, id=17668, stack(0x000000488f200000,0x000000488f300000)]
  0x000001f97e1ab710 JavaThread "Thread-10" daemon [_thread_blocked, id=4988, stack(0x000000488fb00000,0x000000488fc00000)]
  0x000001f97e1abbf0 JavaThread "Thread-1" daemon [_thread_blocked, id=38600, stack(0x000000488fc00000,0x000000488fd00000)]
  0x000001f97e102190 JavaThread "Thread-6" daemon [_thread_blocked, id=42940, stack(0x000000488fd00000,0x000000488fe00000)]
  0x000001f97e102670 JavaThread "Thread-7" daemon [_thread_blocked, id=40700, stack(0x000000488fe00000,0x000000488ff00000)]
  0x000001f97e0fad60 JavaThread "Thread-9" daemon [_thread_blocked, id=41452, stack(0x000000488ff00000,0x0000004890000000)]
  0x000001f97e0fb240 JavaThread "Thread-0" daemon [_thread_blocked, id=41176, stack(0x0000004890000000,0x0000004890100000)]
  0x000001f97e10e840 JavaThread "Thread-5" daemon [_thread_blocked, id=40100, stack(0x0000004890100000,0x0000004890200000)]
  0x000001f97e10ed50 JavaThread "Thread-3" daemon [_thread_blocked, id=20100, stack(0x0000004890200000,0x0000004890300000)]
  0x000001f97e10cef0 JavaThread "Thread-8" daemon [_thread_blocked, id=46388, stack(0x0000004890300000,0x0000004890400000)]
  0x000001f97e10f260 JavaThread "Thread-2" daemon [_thread_blocked, id=28732, stack(0x0000004890400000,0x0000004890500000)]
  0x000001f97e10de20 JavaThread "Thread-4" daemon [_thread_blocked, id=38760, stack(0x0000004890500000,0x0000004890600000)]
  0x000001f97e10f770 JavaThread "Thread-11" [_thread_blocked, id=7000, stack(0x0000004890800000,0x0000004890900000)]
  0x000001f97e10e330 JavaThread "DestroyJavaVM" [_thread_blocked, id=39300, stack(0x000000488e000000,0x000000488e100000)]
  0x000001f97e1106a0 JavaThread "qtp1871515966-32" [_thread_blocked, id=18184, stack(0x0000004890b00000,0x0000004890c00000)]
  0x000001f97e10fc80 JavaThread "qtp1871515966-33" [_thread_in_native, id=16008, stack(0x0000004890c00000,0x0000004890d00000)]
  0x000001f97e110190 JavaThread "qtp1871515966-34" [_thread_in_native, id=21252, stack(0x0000004890d00000,0x0000004890e00000)]
  0x000001f97e439890 JavaThread "qtp1871515966-36-acceptor-0@41795fde-ServerConnector@5ec325ac{HTTP/1.1, (http/1.1)}{0.0.0.0:27876}" [_thread_blocked, id=15436, stack(0x0000004890f00000,0x0000004891000000)]
  0x000001f97e4365f0 JavaThread "qtp1871515966-37" [_thread_in_native, id=43500, stack(0x0000004891000000,0x0000004891100000)]
  0x000001f97e433d70 JavaThread "Session-HouseKeeper-62b0cd06-1" [_thread_blocked, id=46652, stack(0x0000004891100000,0x0000004891200000)]
  0x000001f97e438450 JavaThread "Java2D Disposer" daemon [_thread_blocked, id=3284, stack(0x0000004891200000,0x0000004891300000)]
  0x000001f97e4356c0 JavaThread "AWT-Windows" daemon [_thread_in_native, id=34424, stack(0x0000004891400000,0x0000004891500000)]
  0x000001f97e432930 JavaThread "Connector-Scheduler-5ec325ac-1" [_thread_blocked, id=5400, stack(0x0000004891300000,0x0000004891400000)]
  0x000001f97e43a2b0 JavaThread "qtp1871515966-51" [_thread_in_native, id=2508, stack(0x0000004892b00000,0x0000004892c00000)]
  0x000001f97e439380 JavaThread "Frame Collector" [_thread_blocked, id=9828, stack(0x0000004892f00000,0x0000004893000000)]
  0x000001f97e434790 JavaThread "qtp1871515966-57" [_thread_in_native, id=32692, stack(0x0000004893000000,0x0000004893100000)]
  0x000001f97e433350 JavaThread "qtp1871515966-58" [_thread_blocked, id=20684, stack(0x0000004893300000,0x0000004893400000)]
  0x000001f97e436b00 JavaThread "qtp1871515966-133" [_thread_in_native, id=37392, stack(0x000000488de00000,0x000000488df00000)]
  0x000001f97e437520 JavaThread "qtp1871515966-135" [_thread_blocked, id=37224, stack(0x000000488df00000,0x000000488e000000)]

Other Threads:
=>0x000001f97d253550 VMThread "VM Thread" [stack: 0x000000488e600000,0x000000488e700000] [id=25740]
  0x000001f97d61fb30 WatcherThread [stack: 0x000000488f100000,0x000000488f200000] [id=17212]
  0x000001f96230f860 GCTaskThread "GC Thread#0" [stack: 0x000000488e100000,0x000000488e200000] [id=1628]
  0x000001f97dff0d70 GCTaskThread "GC Thread#1" [stack: 0x000000488f400000,0x000000488f500000] [id=3396]
  0x000001f97dfeb400 GCTaskThread "GC Thread#2" [stack: 0x000000488f500000,0x000000488f600000] [id=5596]
  0x000001f97e0bf4b0 GCTaskThread "GC Thread#3" [stack: 0x000000488f600000,0x000000488f700000] [id=7552]
  0x000001f97e0bb260 GCTaskThread "GC Thread#4" [stack: 0x000000488f700000,0x000000488f800000] [id=42104]
  0x000001f97e0bb520 GCTaskThread "GC Thread#5" [stack: 0x000000488f800000,0x000000488f900000] [id=25876]
  0x000001f97e0d4860 GCTaskThread "GC Thread#6" [stack: 0x000000488f900000,0x000000488fa00000] [id=34132]
  0x000001f97e0d4b20 GCTaskThread "GC Thread#7" [stack: 0x000000488fa00000,0x000000488fb00000] [id=38608]
  0x000001f97e428590 GCTaskThread "GC Thread#8" [stack: 0x0000004890600000,0x0000004890700000] [id=21260]
  0x000001f97e27b670 GCTaskThread "GC Thread#9" [stack: 0x0000004890700000,0x0000004890800000] [id=41340]
  0x000001f9623146c0 ConcurrentGCThread "G1 Main Marker" [stack: 0x000000488e200000,0x000000488e300000] [id=23292]
  0x000001f962315da0 ConcurrentGCThread "G1 Conc#0" [stack: 0x000000488e300000,0x000000488e400000] [id=21336]
  0x000001f97e442d20 ConcurrentGCThread "G1 Conc#1" [stack: 0x0000004891600000,0x0000004891700000] [id=35212]
  0x000001f97e799d30 ConcurrentGCThread "G1 Conc#2" [stack: 0x0000004891700000,0x0000004891800000] [id=25744]
  0x000001f97d1160d0 ConcurrentGCThread "G1 Refine#0" [stack: 0x000000488e400000,0x000000488e500000] [id=38036]
  0x000001f94a1f0b70 ConcurrentGCThread "G1 Refine#1" [stack: 0x0000004892200000,0x0000004892300000] [id=37080]
  0x000001f97ef35fb0 ConcurrentGCThread "G1 Refine#2" [stack: 0x0000004892300000,0x0000004892400000] [id=20652]
  0x000001f94a182130 ConcurrentGCThread "G1 Refine#3" [stack: 0x0000004892400000,0x0000004892500000] [id=13744]
  0x000001f94a182820 ConcurrentGCThread "G1 Refine#4" [stack: 0x0000004892500000,0x0000004892600000] [id=16932]
  0x000001f94a182b10 ConcurrentGCThread "G1 Refine#5" [stack: 0x0000004892600000,0x0000004892700000] [id=38564]
  0x000001f97d116910 ConcurrentGCThread "G1 Service" [stack: 0x000000488e500000,0x000000488e600000] [id=15648]

Threads with active compile tasks:

VM state: at safepoint (normal execution)

VM Mutex/Monitor currently owned by a thread:  ([mutex/lock_event])
[0x000001f9622db8d0] Threads_lock - owner thread: 0x000001f97d253550
[0x000001f9622db600] Heap_lock - owner thread: 0x000001f97e433350

Heap address: 0x00000000e0000000, size: 512 MB, Compressed Oops mode: 32-bit

CDS archive(s) mapped at: [0x000001f900000000-0x000001f900ba0000-0x000001f900ba0000), size 12189696, SharedBaseAddress: 0x000001f900000000, ArchiveRelocationMode: 1.
Compressed class space mapped at: 0x000001f901000000-0x000001f941000000, reserved size: 1073741824
Narrow klass base: 0x000001f900000000, Narrow klass shift: 0, Narrow klass range: 0x100000000

GC Precious Log:
 CPUs: 12 total, 12 available
 Memory: 5989M
 Large Page Support: Disabled
 NUMA Support: Disabled
 Compressed Oops: Enabled (32-bit)
 Heap Region Size: 1M
 Heap Min Capacity: 8M
 Heap Initial Capacity: 94M
 Heap Max Capacity: 512M
 Pre-touch: Disabled
 Parallel Workers: 10
 Concurrent Workers: 3
 Concurrent Refinement Workers: 10
 Periodic GC: Disabled

Heap:
 garbage-first heap   total 105472K, used 44967K [0x00000000e0000000, 0x0000000100000000)
  region size 1024K, 9 young (9216K), 1 survivors (1024K)
 Metaspace       used 32219K, committed 32512K, reserved 1114112K
  class space    used 3578K, committed 3712K, reserved 1048576K

Heap Regions: E=young(eden), S=young(survivor), O=old, HS=humongous(starts), HC=humongous(continues), CS=collection set, F=free, OA=open archive, CA=closed archive, TAMS=top-at-mark-start (previous, next)
|   0|0x00000000e0000000, 0x00000000e0100000, 0x00000000e0100000|100%|HS|  |TAMS 0x00000000e0100000, 0x00000000e0100000| Complete 
|   1|0x00000000e0100000, 0x00000000e0200000, 0x00000000e0200000|100%| O|  |TAMS 0x00000000e0200000, 0x00000000e0200000| Untracked 
|   2|0x00000000e0200000, 0x00000000e0300000, 0x00000000e0300000|100%| O|  |TAMS 0x00000000e0300000, 0x00000000e0300000| Untracked 
|   3|0x00000000e0300000, 0x00000000e0400000, 0x00000000e0400000|100%| O|  |TAMS 0x00000000e0400000, 0x00000000e0400000| Untracked 
|   4|0x00000000e0400000, 0x00000000e0500000, 0x00000000e0500000|100%| O|  |TAMS 0x00000000e0500000, 0x00000000e0500000| Untracked 
|   5|0x00000000e0500000, 0x00000000e0600000, 0x00000000e0600000|100%| O|  |TAMS 0x00000000e0600000, 0x00000000e0600000| Untracked 
|   6|0x00000000e0600000, 0x00000000e0700000, 0x00000000e0700000|100%| O|  |TAMS 0x00000000e0700000, 0x00000000e0700000| Untracked 
|   7|0x00000000e0700000, 0x00000000e0800000, 0x00000000e0800000|100%| O|  |TAMS 0x00000000e0800000, 0x00000000e0800000| Untracked 
|   8|0x00000000e0800000, 0x00000000e0900000, 0x00000000e0900000|100%| O|  |TAMS 0x00000000e0900000, 0x00000000e0900000| Untracked 
|   9|0x00000000e0900000, 0x00000000e0a00000, 0x00000000e0a00000|100%| O|  |TAMS 0x00000000e0900000, 0x00000000e0a00000| Untracked 
|  10|0x00000000e0a00000, 0x00000000e0b00000, 0x00000000e0b00000|100%| O|  |TAMS 0x00000000e0a00000, 0x00000000e0b00000| Untracked 
|  11|0x00000000e0b00000, 0x00000000e0c00000, 0x00000000e0c00000|100%| O|  |TAMS 0x00000000e0b00000, 0x00000000e0c00000| Untracked 
|  12|0x00000000e0c00000, 0x00000000e0d00000, 0x00000000e0d00000|100%| O|  |TAMS 0x00000000e0c00000, 0x00000000e0d00000| Untracked 
|  13|0x00000000e0d00000, 0x00000000e0e00000, 0x00000000e0e00000|100%| O|  |TAMS 0x00000000e0d00000, 0x00000000e0e00000| Untracked 
|  14|0x00000000e0e00000, 0x00000000e0f00000, 0x00000000e0f00000|100%| O|  |TAMS 0x00000000e0e00000, 0x00000000e0f00000| Untracked 
|  15|0x00000000e0f00000, 0x00000000e1000000, 0x00000000e1000000|100%| O|  |TAMS 0x00000000e0f00000, 0x00000000e1000000| Untracked 
|  16|0x00000000e1000000, 0x00000000e1100000, 0x00000000e1100000|100%| O|  |TAMS 0x00000000e1000000, 0x00000000e1100000| Untracked 
|  17|0x00000000e1100000, 0x00000000e1200000, 0x00000000e1200000|100%| O|  |TAMS 0x00000000e1100000, 0x00000000e1200000| Untracked 
|  18|0x00000000e1200000, 0x00000000e1300000, 0x00000000e1300000|100%| O|  |TAMS 0x00000000e1200000, 0x00000000e1300000| Untracked 
|  19|0x00000000e1300000, 0x00000000e1400000, 0x00000000e1400000|100%| O|  |TAMS 0x00000000e1300000, 0x00000000e1400000| Untracked 
|  20|0x00000000e1400000, 0x00000000e1500000, 0x00000000e1500000|100%| O|  |TAMS 0x00000000e1400000, 0x00000000e1500000| Untracked 
|  21|0x00000000e1500000, 0x00000000e1600000, 0x00000000e1600000|100%| O|  |TAMS 0x00000000e1500000, 0x00000000e1600000| Untracked 
|  22|0x00000000e1600000, 0x00000000e1700000, 0x00000000e1700000|100%| O|  |TAMS 0x00000000e1600000, 0x00000000e1700000| Untracked 
|  23|0x00000000e1700000, 0x00000000e1800000, 0x00000000e1800000|100%| O|  |TAMS 0x00000000e1700000, 0x00000000e1800000| Untracked 
|  24|0x00000000e1800000, 0x00000000e1900000, 0x00000000e1900000|100%| O|  |TAMS 0x00000000e1800000, 0x00000000e1900000| Untracked 
|  25|0x00000000e1900000, 0x00000000e1a00000, 0x00000000e1a00000|100%| O|  |TAMS 0x00000000e1900000, 0x00000000e1a00000| Untracked 
|  26|0x00000000e1a00000, 0x00000000e1b00000, 0x00000000e1b00000|100%| O|  |TAMS 0x00000000e1a00000, 0x00000000e1b00000| Untracked 
|  27|0x00000000e1b00000, 0x00000000e1c00000, 0x00000000e1c00000|100%| O|  |TAMS 0x00000000e1b00000, 0x00000000e1c00000| Untracked 
|  28|0x00000000e1c00000, 0x00000000e1ce0e00, 0x00000000e1d00000| 87%| O|  |TAMS 0x00000000e1c00000, 0x00000000e1c00000| Untracked 
|  29|0x00000000e1d00000, 0x00000000e1d00000, 0x00000000e1e00000|  0%| F|  |TAMS 0x00000000e1d00000, 0x00000000e1d00000| Untracked 
|  30|0x00000000e1e00000, 0x00000000e1e00000, 0x00000000e1f00000|  0%| F|  |TAMS 0x00000000e1e00000, 0x00000000e1e00000| Untracked 
|  31|0x00000000e1f00000, 0x00000000e1f00000, 0x00000000e2000000|  0%| F|  |TAMS 0x00000000e1f00000, 0x00000000e1f00000| Untracked 
|  32|0x00000000e2000000, 0x00000000e2100000, 0x00000000e2100000|100%| O|  |TAMS 0x00000000e2000000, 0x00000000e206ce00| Untracked 
|  33|0x00000000e2100000, 0x00000000e2100000, 0x00000000e2200000|  0%| F|  |TAMS 0x00000000e2100000, 0x00000000e2100000| Untracked 
|  34|0x00000000e2200000, 0x00000000e2200000, 0x00000000e2300000|  0%| F|  |TAMS 0x00000000e2200000, 0x00000000e2200000| Untracked 
|  35|0x00000000e2300000, 0x00000000e2400000, 0x00000000e2400000|100%| O|  |TAMS 0x00000000e2300000, 0x00000000e2400000| Untracked 
|  36|0x00000000e2400000, 0x00000000e2500000, 0x00000000e2500000|100%| O|  |TAMS 0x00000000e2400000, 0x00000000e2500000| Untracked 
|  37|0x00000000e2500000, 0x00000000e2600000, 0x00000000e2600000|100%| O|  |TAMS 0x00000000e2500000, 0x00000000e2600000| Untracked 
|  38|0x00000000e2600000, 0x00000000e2600000, 0x00000000e2700000|  0%| F|  |TAMS 0x00000000e2600000, 0x00000000e2600000| Untracked 
|  39|0x00000000e2700000, 0x00000000e2700000, 0x00000000e2800000|  0%| F|  |TAMS 0x00000000e2700000, 0x00000000e2700000| Untracked 
|  40|0x00000000e2800000, 0x00000000e2800000, 0x00000000e2900000|  0%| F|  |TAMS 0x00000000e2800000, 0x00000000e2800000| Untracked 
|  41|0x00000000e2900000, 0x00000000e2900000, 0x00000000e2a00000|  0%| F|  |TAMS 0x00000000e2900000, 0x00000000e2900000| Untracked 
|  42|0x00000000e2a00000, 0x00000000e2b00000, 0x00000000e2b00000|100%| O|  |TAMS 0x00000000e2a00000, 0x00000000e2b00000| Untracked 
|  43|0x00000000e2b00000, 0x00000000e2c00000, 0x00000000e2c00000|100%| O|  |TAMS 0x00000000e2b00000, 0x00000000e2c00000| Untracked 
|  44|0x00000000e2c00000, 0x00000000e2d00000, 0x00000000e2d00000|100%| O|  |TAMS 0x00000000e2c00000, 0x00000000e2d00000| Untracked 
|  45|0x00000000e2d00000, 0x00000000e2e00000, 0x00000000e2e00000|100%| O|  |TAMS 0x00000000e2d00000, 0x00000000e2e00000| Untracked 
|  46|0x00000000e2e00000, 0x00000000e2e00000, 0x00000000e2f00000|  0%| F|  |TAMS 0x00000000e2e00000, 0x00000000e2e00000| Untracked 
|  47|0x00000000e2f00000, 0x00000000e2f00000, 0x00000000e3000000|  0%| F|  |TAMS 0x00000000e2f00000, 0x00000000e2f00000| Untracked 
|  48|0x00000000e3000000, 0x00000000e3000000, 0x00000000e3100000|  0%| F|  |TAMS 0x00000000e3000000, 0x00000000e3000000| Untracked 
|  49|0x00000000e3100000, 0x00000000e31090e8, 0x00000000e3200000|  3%| S|CS|TAMS 0x00000000e3100000, 0x00000000e3100000| Complete 
|  50|0x00000000e3200000, 0x00000000e3200000, 0x00000000e3300000|  0%| F|  |TAMS 0x00000000e3200000, 0x00000000e3200000| Untracked 
|  51|0x00000000e3300000, 0x00000000e3300000, 0x00000000e3400000|  0%| F|  |TAMS 0x00000000e3300000, 0x00000000e3300000| Untracked 
|  52|0x00000000e3400000, 0x00000000e3400000, 0x00000000e3500000|  0%| F|  |TAMS 0x00000000e3400000, 0x00000000e3400000| Untracked 
|  53|0x00000000e3500000, 0x00000000e3500000, 0x00000000e3600000|  0%| F|  |TAMS 0x00000000e3500000, 0x00000000e3500000| Untracked 
|  54|0x00000000e3600000, 0x00000000e3600000, 0x00000000e3700000|  0%| F|  |TAMS 0x00000000e3600000, 0x00000000e3600000| Untracked 
|  55|0x00000000e3700000, 0x00000000e3700000, 0x00000000e3800000|  0%| F|  |TAMS 0x00000000e3700000, 0x00000000e3700000| Untracked 
|  56|0x00000000e3800000, 0x00000000e3800000, 0x00000000e3900000|  0%| F|  |TAMS 0x00000000e3800000, 0x00000000e3800000| Untracked 
|  57|0x00000000e3900000, 0x00000000e3900000, 0x00000000e3a00000|  0%| F|  |TAMS 0x00000000e3900000, 0x00000000e3900000| Untracked 
|  58|0x00000000e3a00000, 0x00000000e3a00000, 0x00000000e3b00000|  0%| F|  |TAMS 0x00000000e3a00000, 0x00000000e3a00000| Untracked 
|  59|0x00000000e3b00000, 0x00000000e3b00000, 0x00000000e3c00000|  0%| F|  |TAMS 0x00000000e3b00000, 0x00000000e3b00000| Untracked 
|  60|0x00000000e3c00000, 0x00000000e3c00000, 0x00000000e3d00000|  0%| F|  |TAMS 0x00000000e3c00000, 0x00000000e3c00000| Untracked 
|  61|0x00000000e3d00000, 0x00000000e3d00000, 0x00000000e3e00000|  0%| F|  |TAMS 0x00000000e3d00000, 0x00000000e3d00000| Untracked 
|  62|0x00000000e3e00000, 0x00000000e3e00000, 0x00000000e3f00000|  0%| F|  |TAMS 0x00000000e3e00000, 0x00000000e3e00000| Untracked 
|  63|0x00000000e3f00000, 0x00000000e3f00000, 0x00000000e4000000|  0%| F|  |TAMS 0x00000000e3f00000, 0x00000000e3f00000| Untracked 
|  64|0x00000000e4000000, 0x00000000e4000000, 0x00000000e4100000|  0%| F|  |TAMS 0x00000000e4000000, 0x00000000e4000000| Untracked 
|  65|0x00000000e4100000, 0x00000000e4100000, 0x00000000e4200000|  0%| F|  |TAMS 0x00000000e4100000, 0x00000000e4100000| Untracked 
|  66|0x00000000e4200000, 0x00000000e4200000, 0x00000000e4300000|  0%| F|  |TAMS 0x00000000e4200000, 0x00000000e4200000| Untracked 
|  67|0x00000000e4300000, 0x00000000e4300000, 0x00000000e4400000|  0%| F|  |TAMS 0x00000000e4300000, 0x00000000e4300000| Untracked 
|  68|0x00000000e4400000, 0x00000000e4400000, 0x00000000e4500000|  0%| F|  |TAMS 0x00000000e4400000, 0x00000000e4400000| Untracked 
|  69|0x00000000e4500000, 0x00000000e4500000, 0x00000000e4600000|  0%| F|  |TAMS 0x00000000e4500000, 0x00000000e4500000| Untracked 
|  70|0x00000000e4600000, 0x00000000e4600000, 0x00000000e4700000|  0%| F|  |TAMS 0x00000000e4600000, 0x00000000e4600000| Untracked 
|  71|0x00000000e4700000, 0x00000000e4700000, 0x00000000e4800000|  0%| F|  |TAMS 0x00000000e4700000, 0x00000000e4700000| Untracked 
|  72|0x00000000e4800000, 0x00000000e4800000, 0x00000000e4900000|  0%| F|  |TAMS 0x00000000e4800000, 0x00000000e4800000| Untracked 
|  73|0x00000000e4900000, 0x00000000e4900000, 0x00000000e4a00000|  0%| F|  |TAMS 0x00000000e4900000, 0x00000000e4900000| Untracked 
|  74|0x00000000e4a00000, 0x00000000e4a00000, 0x00000000e4b00000|  0%| F|  |TAMS 0x00000000e4a00000, 0x00000000e4a00000| Untracked 
|  75|0x00000000e4b00000, 0x00000000e4b00000, 0x00000000e4c00000|  0%| F|  |TAMS 0x00000000e4b00000, 0x00000000e4b00000| Untracked 
|  76|0x00000000e4c00000, 0x00000000e4c00000, 0x00000000e4d00000|  0%| F|  |TAMS 0x00000000e4c00000, 0x00000000e4c00000| Untracked 
|  77|0x00000000e4d00000, 0x00000000e4d00000, 0x00000000e4e00000|  0%| F|  |TAMS 0x00000000e4d00000, 0x00000000e4d00000| Untracked 
|  78|0x00000000e4e00000, 0x00000000e4e00000, 0x00000000e4f00000|  0%| F|  |TAMS 0x00000000e4e00000, 0x00000000e4e00000| Untracked 
|  79|0x00000000e4f00000, 0x00000000e4f00000, 0x00000000e5000000|  0%| F|  |TAMS 0x00000000e4f00000, 0x00000000e4f00000| Untracked 
|  80|0x00000000e5000000, 0x00000000e5000000, 0x00000000e5100000|  0%| F|  |TAMS 0x00000000e5000000, 0x00000000e5000000| Untracked 
|  81|0x00000000e5100000, 0x00000000e5100000, 0x00000000e5200000|  0%| F|  |TAMS 0x00000000e5100000, 0x00000000e5100000| Untracked 
|  82|0x00000000e5200000, 0x00000000e5200000, 0x00000000e5300000|  0%| F|  |TAMS 0x00000000e5200000, 0x00000000e5200000| Untracked 
|  83|0x00000000e5300000, 0x00000000e5300000, 0x00000000e5400000|  0%| F|  |TAMS 0x00000000e5300000, 0x00000000e5300000| Untracked 
|  84|0x00000000e5400000, 0x00000000e5400000, 0x00000000e5500000|  0%| F|  |TAMS 0x00000000e5400000, 0x00000000e5400000| Untracked 
|  85|0x00000000e5500000, 0x00000000e5500000, 0x00000000e5600000|  0%| F|  |TAMS 0x00000000e5500000, 0x00000000e5500000| Untracked 
|  86|0x00000000e5600000, 0x00000000e5600000, 0x00000000e5700000|  0%| F|  |TAMS 0x00000000e5600000, 0x00000000e5600000| Untracked 
|  87|0x00000000e5700000, 0x00000000e5700000, 0x00000000e5800000|  0%| F|  |TAMS 0x00000000e5700000, 0x00000000e5700000| Untracked 
|  88|0x00000000e5800000, 0x00000000e5800000, 0x00000000e5900000|  0%| F|  |TAMS 0x00000000e5800000, 0x00000000e5800000| Untracked 
|  89|0x00000000e5900000, 0x00000000e5900000, 0x00000000e5a00000|  0%| F|  |TAMS 0x00000000e5900000, 0x00000000e5900000| Untracked 
|  90|0x00000000e5a00000, 0x00000000e5a00000, 0x00000000e5b00000|  0%| F|  |TAMS 0x00000000e5a00000, 0x00000000e5a00000| Untracked 
|  91|0x00000000e5b00000, 0x00000000e5b00000, 0x00000000e5c00000|  0%| F|  |TAMS 0x00000000e5b00000, 0x00000000e5b00000| Untracked 
|  92|0x00000000e5c00000, 0x00000000e5c00000, 0x00000000e5d00000|  0%| F|  |TAMS 0x00000000e5c00000, 0x00000000e5c00000| Untracked 
|  93|0x00000000e5d00000, 0x00000000e5d00000, 0x00000000e5e00000|  0%| F|  |TAMS 0x00000000e5d00000, 0x00000000e5d00000| Untracked 
|  94|0x00000000e5e00000, 0x00000000e5e00000, 0x00000000e5f00000|  0%| F|  |TAMS 0x00000000e5e00000, 0x00000000e5e00000| Untracked 
|  95|0x00000000e5f00000, 0x00000000e5f3b248, 0x00000000e6000000| 23%| E|  |TAMS 0x00000000e5f00000, 0x00000000e5f00000| Complete 
|  96|0x00000000e6000000, 0x00000000e6100000, 0x00000000e6100000|100%| E|CS|TAMS 0x00000000e6000000, 0x00000000e6000000| Complete 
|  97|0x00000000e6100000, 0x00000000e6200000, 0x00000000e6200000|100%| E|CS|TAMS 0x00000000e6100000, 0x00000000e6100000| Complete 
|  98|0x00000000e6200000, 0x00000000e6300000, 0x00000000e6300000|100%| E|CS|TAMS 0x00000000e6200000, 0x00000000e6200000| Complete 
|  99|0x00000000e6300000, 0x00000000e6400000, 0x00000000e6400000|100%| E|CS|TAMS 0x00000000e6300000, 0x00000000e6300000| Complete 
| 100|0x00000000e6400000, 0x00000000e6500000, 0x00000000e6500000|100%| E|CS|TAMS 0x00000000e6400000, 0x00000000e6400000| Complete 
| 101|0x00000000e6500000, 0x00000000e6600000, 0x00000000e6600000|100%| E|CS|TAMS 0x00000000e6500000, 0x00000000e6500000| Complete 
| 102|0x00000000e6600000, 0x00000000e6700000, 0x00000000e6700000|100%| E|CS|TAMS 0x00000000e6600000, 0x00000000e6600000| Complete 

Card table byte_map: [0x000001f979420000,0x000001f979520000] _byte_map_base: 0x000001f978d20000

Marking Bits (Prev, Next): (CMBitMap*) 0x000001f96230fdd0, (CMBitMap*) 0x000001f96230fd90
 Prev Bits: [0x000001f979e20000, 0x000001f97a620000)
 Next Bits: [0x000001f979620000, 0x000001f979e20000)

Polling page: 0x000001f961a70000

Metaspace:

Usage:
  Non-class:     27.97 MB used.
      Class:      3.49 MB used.
       Both:     31.46 MB used.

Virtual space:
  Non-class space:       64.00 MB reserved,      28.12 MB ( 44%) committed,  1 nodes.
      Class space:        1.00 GB reserved,       3.62 MB ( <1%) committed,  1 nodes.
             Both:        1.06 GB reserved,      31.75 MB (  3%) committed. 

Chunk freelists:
   Non-Class:  3.80 MB
       Class:  12.23 MB
        Both:  16.03 MB

MaxMetaspaceSize: unlimited
CompressedClassSpaceSize: 1.00 GB
Initial GC threshold: 21.00 MB
Current GC threshold: 35.25 MB
CDS: on
MetaspaceReclaimPolicy: balanced
 - commit_granule_bytes: 65536.
 - commit_granule_words: 8192.
 - virtual_space_node_default_size: 8388608.
 - enlarge_chunks_in_place: 1.
 - new_chunks_are_fully_committed: 0.
 - uncommit_free_chunks: 1.
 - use_allocation_guard: 0.
 - handle_deallocations: 1.


Internal statistics:

num_allocs_failed_limit: 3.
num_arena_births: 294.
num_arena_deaths: 0.
num_vsnodes_births: 2.
num_vsnodes_deaths: 0.
num_space_committed: 508.
num_space_uncommitted: 0.
num_chunks_returned_to_freelist: 3.
num_chunks_taken_from_freelist: 1167.
num_chunk_merges: 0.
num_chunk_splits: 801.
num_chunks_enlarged: 616.
num_inconsistent_stats: 0.

CodeHeap 'non-profiled nmethods': size=120000Kb used=4892Kb max_used=5345Kb free=115107Kb
 bounds [0x000001f9718a0000, 0x000001f971de0000, 0x000001f978dd0000]
CodeHeap 'profiled nmethods': size=120000Kb used=6951Kb max_used=9674Kb free=113049Kb
 bounds [0x000001f969dd0000, 0x000001f96a750000, 0x000001f971300000]
CodeHeap 'non-nmethods': size=5760Kb used=1413Kb max_used=1471Kb free=4347Kb
 bounds [0x000001f971300000, 0x000001f971570000, 0x000001f9718a0000]
 total_blobs=5306 nmethods=4539 adapters=679
 compilation: enabled
              stopped_count=0, restarted_count=0
 full_count=0

Compilation events (20 events):
Event: 1993.770 Thread 0x000001f97d27ba00 5966       3       java.util.EventObject::<init> (24 bytes)
Event: 1993.773 Thread 0x000001f97d27ba00 nmethod 5966 0x000001f96a086690 code [0x000001f96a086840, 0x000001f96a086b08]
Event: 2020.092 Thread 0x000001f97d279c30 5967       4       org.eclipse.jetty.io.ChannelEndPoint::isOpen (8 bytes)
Event: 2020.116 Thread 0x000001f97d279c30 nmethod 5967 0x000001f971cca710 code [0x000001f971cca880, 0x000001f971cca918]
Event: 2049.899 Thread 0x000001f97d27ba00 5968   !   3       org.eclipse.jetty.io.AbstractEndPoint::doOnClose (43 bytes)
Event: 2049.928 Thread 0x000001f97d27ba00 nmethod 5968 0x000001f96a632a10 code [0x000001f96a632ea0, 0x000001f96a635628]
Event: 2063.864 Thread 0x000001f97d279c30 5969       4       com.anylogic.engine.gui.SVGFrameCollector::f (282 bytes)
Event: 2063.961 Thread 0x000001f97d279c30 nmethod 5969 0x000001f971be1610 code [0x000001f971be1880, 0x000001f971be3140]
Event: 2305.339 Thread 0x000001f97d27ba00 5970   !   3       sun.nio.ch.ServerSocketChannelImpl::end (46 bytes)
Event: 2305.350 Thread 0x000001f97d27ba00 nmethod 5970 0x000001f969ebe190 code [0x000001f969ebe360, 0x000001f969ebe6f8]
Event: 2305.350 Thread 0x000001f97d27ba00 5972       3       sun.nio.ch.ServerSocketChannelImpl::implAccept (73 bytes)
Event: 2305.395 Thread 0x000001f97d27ba00 nmethod 5972 0x000001f96a506510 code [0x000001f96a5067a0, 0x000001f96a507668]
Event: 2309.633 Thread 0x000001f97d27ba00 5974   !   3       sun.nio.ch.FileChannelImpl::position (258 bytes)
Event: 2309.653 Thread 0x000001f97d27ba00 nmethod 5974 0x000001f969dd5a10 code [0x000001f969dd5d00, 0x000001f969dd6d08]
Event: 2309.653 Thread 0x000001f97d27ba00 5977   !   3       sun.nio.ch.FileChannelImpl::read (266 bytes)
Event: 2309.670 Thread 0x000001f97d27ba00 nmethod 5977 0x000001f96a604910 code [0x000001f96a604c20, 0x000001f96a605c68]
Event: 2309.670 Thread 0x000001f97d27ba00 5975       3       sun.nio.ch.FileDispatcherImpl::seek (6 bytes)
Event: 2309.670 Thread 0x000001f97d27ba00 nmethod 5975 0x000001f969e03010 code [0x000001f969e031a0, 0x000001f969e032e8]
Event: 2309.793 Thread 0x000001f97d27ba00 5978       3       java.util.LinkedHashMap::values (25 bytes)
Event: 2309.795 Thread 0x000001f97d27ba00 nmethod 5978 0x000001f969de1d10 code [0x000001f969de1ec0, 0x000001f969de2238]

GC Heap History (20 events):
Event: 1932.582 GC heap before
{Heap before GC invocations=135 (full 0):
 garbage-first heap   total 105472K, used 92032K [0x00000000e0000000, 0x0000000100000000)
  region size 1024K, 54 young (55296K), 1 survivors (1024K)
 Metaspace       used 32184K, committed 32448K, reserved 1114112K
  class space    used 3571K, committed 3712K, reserved 1048576K
}
Event: 1932.584 GC heap after
{Heap after GC invocations=136 (full 0):
 garbage-first heap   total 105472K, used 37789K [0x00000000e0000000, 0x0000000100000000)
  region size 1024K, 1 young (1024K), 1 survivors (1024K)
 Metaspace       used 32184K, committed 32448K, reserved 1114112K
  class space    used 3571K, committed 3712K, reserved 1048576K
}
Event: 1974.375 GC heap before
{Heap before GC invocations=136 (full 0):
 garbage-first heap   total 105472K, used 92061K [0x00000000e0000000, 0x0000000100000000)
  region size 1024K, 54 young (55296K), 1 survivors (1024K)
 Metaspace       used 32185K, committed 32448K, reserved 1114112K
  class space    used 3571K, committed 3712K, reserved 1048576K
}
Event: 1974.378 GC heap after
{Heap after GC invocations=137 (full 0):
 garbage-first heap   total 105472K, used 37865K [0x00000000e0000000, 0x0000000100000000)
  region size 1024K, 1 young (1024K), 1 survivors (1024K)
 Metaspace       used 32185K, committed 32448K, reserved 1114112K
  class space    used 3571K, committed 3712K, reserved 1048576K
}
Event: 2015.892 GC heap before
{Heap before GC invocations=137 (full 0):
 garbage-first heap   total 105472K, used 92137K [0x00000000e0000000, 0x0000000100000000)
  region size 1024K, 54 young (55296K), 1 survivors (1024K)
 Metaspace       used 32186K, committed 32448K, reserved 1114112K
  class space    used 3571K, committed 3712K, reserved 1048576K
}
Event: 2015.907 GC heap after
{Heap after GC invocations=138 (full 0):
 garbage-first heap   total 105472K, used 37815K [0x00000000e0000000, 0x0000000100000000)
  region size 1024K, 1 young (1024K), 1 survivors (1024K)
 Metaspace       used 32186K, committed 32448K, reserved 1114112K
  class space    used 3571K, committed 3712K, reserved 1048576K
}
Event: 2057.374 GC heap before
{Heap before GC invocations=138 (full 0):
 garbage-first heap   total 105472K, used 92087K [0x00000000e0000000, 0x0000000100000000)
  region size 1024K, 54 young (55296K), 1 survivors (1024K)
 Metaspace       used 32189K, committed 32448K, reserved 1114112K
  class space    used 3571K, committed 3712K, reserved 1048576K
}
Event: 2057.375 GC heap after
{Heap after GC invocations=139 (full 0):
 garbage-first heap   total 105472K, used 37812K [0x00000000e0000000, 0x0000000100000000)
  region size 1024K, 1 young (1024K), 1 survivors (1024K)
 Metaspace       used 32189K, committed 32448K, reserved 1114112K
  class space    used 3571K, committed 3712K, reserved 1048576K
}
Event: 2098.445 GC heap before
{Heap before GC invocations=139 (full 0):
 garbage-first heap   total 105472K, used 92084K [0x00000000e0000000, 0x0000000100000000)
  region size 1024K, 54 young (55296K), 1 survivors (1024K)
 Metaspace       used 32189K, committed 32448K, reserved 1114112K
  class space    used 3571K, committed 3712K, reserved 1048576K
}
Event: 2098.446 GC heap after
{Heap after GC invocations=140 (full 0):
 garbage-first heap   total 105472K, used 37879K [0x00000000e0000000, 0x0000000100000000)
  region size 1024K, 1 young (1024K), 1 survivors (1024K)
 Metaspace       used 32189K, committed 32448K, reserved 1114112K
  class space    used 3571K, committed 3712K, reserved 1048576K
}
Event: 2139.889 GC heap before
{Heap before GC invocations=140 (full 0):
 garbage-first heap   total 105472K, used 92151K [0x00000000e0000000, 0x0000000100000000)
  region size 1024K, 54 young (55296K), 1 survivors (1024K)
 Metaspace       used 32189K, committed 32448K, reserved 1114112K
  class space    used 3571K, committed 3712K, reserved 1048576K
}
Event: 2139.891 GC heap after
{Heap after GC invocations=141 (full 0):
 garbage-first heap   total 105472K, used 37901K [0x00000000e0000000, 0x0000000100000000)
  region size 1024K, 1 young (1024K), 1 survivors (1024K)
 Metaspace       used 32189K, committed 32448K, reserved 1114112K
  class space    used 3571K, committed 3712K, reserved 1048576K
}
Event: 2180.982 GC heap before
{Heap before GC invocations=141 (full 0):
 garbage-first heap   total 105472K, used 92173K [0x00000000e0000000, 0x0000000100000000)
  region size 1024K, 54 young (55296K), 1 survivors (1024K)
 Metaspace       used 32189K, committed 32448K, reserved 1114112K
  class space    used 3571K, committed 3712K, reserved 1048576K
}
Event: 2180.983 GC heap after
{Heap after GC invocations=142 (full 0):
 garbage-first heap   total 105472K, used 37829K [0x00000000e0000000, 0x0000000100000000)
  region size 1024K, 1 young (1024K), 1 survivors (1024K)
 Metaspace       used 32189K, committed 32448K, reserved 1114112K
  class space    used 3571K, committed 3712K, reserved 1048576K
}
Event: 2222.062 GC heap before
{Heap before GC invocations=142 (full 0):
 garbage-first heap   total 105472K, used 92101K [0x00000000e0000000, 0x0000000100000000)
  region size 1024K, 54 young (55296K), 1 survivors (1024K)
 Metaspace       used 32189K, committed 32448K, reserved 1114112K
  class space    used 3571K, committed 3712K, reserved 1048576K
}
Event: 2222.063 GC heap after
{Heap after GC invocations=143 (full 0):
 garbage-first heap   total 105472K, used 37806K [0x00000000e0000000, 0x0000000100000000)
  region size 1024K, 1 young (1024K), 1 survivors (1024K)
 Metaspace       used 32189K, committed 32448K, reserved 1114112K
  class space    used 3571K, committed 3712K, reserved 1048576K
}
Event: 2263.086 GC heap before
{Heap before GC invocations=143 (full 0):
 garbage-first heap   total 105472K, used 92078K [0x00000000e0000000, 0x0000000100000000)
  region size 1024K, 54 young (55296K), 1 survivors (1024K)
 Metaspace       used 32189K, committed 32448K, reserved 1114112K
  class space    used 3571K, committed 3712K, reserved 1048576K
}
Event: 2263.089 GC heap after
{Heap after GC invocations=144 (full 0):
 garbage-first heap   total 105472K, used 37863K [0x00000000e0000000, 0x0000000100000000)
  region size 1024K, 1 young (1024K), 1 survivors (1024K)
 Metaspace       used 32189K, committed 32448K, reserved 1114112K
  class space    used 3571K, committed 3712K, reserved 1048576K
}
Event: 2304.191 GC heap before
{Heap before GC invocations=144 (full 0):
 garbage-first heap   total 105472K, used 92135K [0x00000000e0000000, 0x0000000100000000)
  region size 1024K, 54 young (55296K), 1 survivors (1024K)
 Metaspace       used 32189K, committed 32448K, reserved 1114112K
  class space    used 3571K, committed 3712K, reserved 1048576K
}
Event: 2304.193 GC heap after
{Heap after GC invocations=145 (full 0):
 garbage-first heap   total 105472K, used 37799K [0x00000000e0000000, 0x0000000100000000)
  region size 1024K, 1 young (1024K), 1 survivors (1024K)
 Metaspace       used 32189K, committed 32448K, reserved 1114112K
  class space    used 3571K, committed 3712K, reserved 1048576K
}

Dll operation events (13 events):
Event: 0.008 Loaded shared library C:\Program Files\AnyLogic 8.9 Personal Learning Edition\jre\bin\java.dll
Event: 0.029 Loaded shared library C:\Program Files\AnyLogic 8.9 Personal Learning Edition\jre\bin\jsvml.dll
Event: 0.129 Loaded shared library C:\Program Files\AnyLogic 8.9 Personal Learning Edition\jre\bin\net.dll
Event: 0.131 Loaded shared library C:\Program Files\AnyLogic 8.9 Personal Learning Edition\jre\bin\nio.dll
Event: 0.134 Loaded shared library C:\Program Files\AnyLogic 8.9 Personal Learning Edition\jre\bin\zip.dll
Event: 0.209 Loaded shared library C:\Program Files\AnyLogic 8.9 Personal Learning Edition\jre\bin\jimage.dll
Event: 0.410 Loaded shared library C:\Program Files\AnyLogic 8.9 Personal Learning Edition\jre\bin\awt.dll
Event: 0.880 Loaded shared library C:\Program Files\AnyLogic 8.9 Personal Learning Edition\jre\bin\verify.dll
Event: 0.895 Loaded shared library C:\Program Files\AnyLogic 8.9 Personal Learning Edition\jre\bin\management.dll
Event: 0.899 Loaded shared library C:\Program Files\AnyLogic 8.9 Personal Learning Edition\jre\bin\management_ext.dll
Event: 1.248 Loaded shared library C:\Program Files\AnyLogic 8.9 Personal Learning Edition\jre\bin\sunmscapi.dll
Event: 1.542 Loaded shared library C:\Program Files\AnyLogic 8.9 Personal Learning Edition\jre\bin\freetype.dll
Event: 1.545 Loaded shared library C:\Program Files\AnyLogic 8.9 Personal Learning Edition\jre\bin\fontmanager.dll

Deoptimization events (20 events):
Event: 2309.869 Thread 0x000001f97e1106a0 DEOPT PACKING pc=0x000001f971b121ec sp=0x0000004890bfe690
Event: 2309.869 Thread 0x000001f97e439380 DEOPT PACKING pc=0x000001f971bf2c44 sp=0x0000004892ffeda0
Event: 2309.869 Thread 0x000001f97e1106a0 DEOPT UNPACKING pc=0x000001f9713569a3 sp=0x0000004890bfe630 mode 2
Event: 2309.869 Thread 0x000001f97e439380 DEOPT UNPACKING pc=0x000001f9713569a3 sp=0x0000004892ffed40 mode 2
Event: 2309.930 Thread 0x000001f97e439380 Uncommon trap: trap_request=0xffffffde fr.pc=0x000001f971c10f78 relative=0x00000000000002d8
Event: 2309.930 Thread 0x000001f97e439380 Uncommon trap: reason=class_check action=maybe_recompile pc=0x000001f971c10f78 method=com.anylogic.engine.presentation.ShapeText$a.f(Lcom/anylogic/engine/internal/presentation/e;)Z @ 4 c2
Event: 2309.930 Thread 0x000001f97e439380 DEOPT PACKING pc=0x000001f971c10f78 sp=0x0000004892ffeb50
Event: 2309.931 Thread 0x000001f97e439380 DEOPT UNPACKING pc=0x000001f9713569a3 sp=0x0000004892ffeae0 mode 2
Event: 2309.931 Thread 0x000001f97e439380 Uncommon trap: trap_request=0xffffffc6 fr.pc=0x000001f971a27340 relative=0x00000000000003e0
Event: 2309.931 Thread 0x000001f97e439380 Uncommon trap: reason=bimorphic_or_optimized_type_check action=maybe_recompile pc=0x000001f971a27340 method=com.anylogic.engine.presentation.Shape.f(Lcom/anylogic/engine/presentation/ShapeDrawMode;Z)Z @ 72 c2
Event: 2309.931 Thread 0x000001f97e439380 DEOPT PACKING pc=0x000001f971a27340 sp=0x0000004892ffeba0
Event: 2309.931 Thread 0x000001f97e439380 DEOPT UNPACKING pc=0x000001f9713569a3 sp=0x0000004892ffeaf8 mode 2
Event: 2309.931 Thread 0x000001f97e439380 Uncommon trap: trap_request=0xffffff45 fr.pc=0x000001f971beeb60 relative=0x0000000000000740
Event: 2309.932 Thread 0x000001f97e439380 Uncommon trap: reason=unstable_if action=reinterpret pc=0x000001f971beeb60 method=com.anylogic.engine.ExperimentSimulation.getState()Lcom/anylogic/engine/Experiment$State; @ 14 c2
Event: 2309.932 Thread 0x000001f97e439380 DEOPT PACKING pc=0x000001f971beeb60 sp=0x0000004892ffecc0
Event: 2309.932 Thread 0x000001f97e439380 DEOPT UNPACKING pc=0x000001f9713569a3 sp=0x0000004892ffec00 mode 2
Event: 2309.932 Thread 0x000001f97e439380 Uncommon trap: trap_request=0xffffff45 fr.pc=0x000001f971b9f174 relative=0x00000000000000b4
Event: 2309.932 Thread 0x000001f97e439380 Uncommon trap: reason=unstable_if action=reinterpret pc=0x000001f971b9f174 method=com.anylogic.engine.Engine.getProgress()D @ 7 c2
Event: 2309.932 Thread 0x000001f97e439380 DEOPT PACKING pc=0x000001f971b9f174 sp=0x0000004892ffebd0
Event: 2309.932 Thread 0x000001f97e439380 DEOPT UNPACKING pc=0x000001f9713569a3 sp=0x0000004892ffeb68 mode 2

Classes unloaded (0 events):
No events

Classes redefined (0 events):
No events

Internal exceptions (20 events):
Event: 3.585 Thread 0x000001f97e434ca0 Exception <a 'java/lang/NoSuchMethodError'{0x00000000e57648f0}: 'java.lang.Object java.lang.invoke.Invokers$Holder.linkToTargetMethod(java.lang.Object, java.lang.Object, int, int, java.lang.Object)'> (0x00000000e57648f0) 
thrown [s\src\hotspot\share\interpreter\linkResolver.cpp, line 759]
Event: 3.587 Thread 0x000001f97e434ca0 Exception <a 'java/lang/NoSuchMethodError'{0x00000000e576bf00}: 'void java.lang.invoke.DirectMethodHandle$Holder.invokeStatic(java.lang.Object, int, java.lang.Object)'> (0x00000000e576bf00) 
thrown [s\src\hotspot\share\interpreter\linkResolver.cpp, line 759]
Event: 3.587 Thread 0x000001f97e10de20 Exception <a 'java/lang/NoSuchMethodError'{0x00000000e5775cd8}: 'void java.lang.invoke.DirectMethodHandle$Holder.invokeStatic(java.lang.Object, int, java.lang.Object)'> (0x00000000e5775cd8) 
thrown [s\src\hotspot\share\interpreter\linkResolver.cpp, line 759]
Event: 3.587 Thread 0x000001f97e10f260 Exception <a 'java/lang/NoSuchMethodError'{0x00000000e57f7848}: 'void java.lang.invoke.DirectMethodHandle$Holder.invokeStatic(java.lang.Object, int, java.lang.Object)'> (0x00000000e57f7848) 
thrown [s\src\hotspot\share\interpreter\linkResolver.cpp, line 759]
Event: 3.587 Thread 0x000001f97e1ab710 Exception <a 'java/lang/NoSuchMethodError'{0x00000000e57b6a90}: 'void java.lang.invoke.DirectMethodHandle$Holder.invokeStatic(java.lang.Object, int, java.lang.Object)'> (0x00000000e57b6a90) 
thrown [s\src\hotspot\share\interpreter\linkResolver.cpp, line 759]
Event: 3.587 Thread 0x000001f97e10cef0 Exception <a 'java/lang/NoSuchMethodError'{0x00000000e56416a8}: 'void java.lang.invoke.DirectMethodHandle$Holder.invokeStatic(java.lang.Object, int, java.lang.Object)'> (0x00000000e56416a8) 
thrown [s\src\hotspot\share\interpreter\linkResolver.cpp, line 759]
Event: 3.587 Thread 0x000001f97e10ed50 Exception <a 'java/lang/NoSuchMethodError'{0x00000000e5600e98}: 'void java.lang.invoke.DirectMethodHandle$Holder.invokeStatic(java.lang.Object, int, java.lang.Object)'> (0x00000000e5600e98) 
thrown [s\src\hotspot\share\interpreter\linkResolver.cpp, line 759]
Event: 3.588 Thread 0x000001f97e0fb240 Exception <a 'java/lang/NoSuchMethodError'{0x00000000e56c37d0}: 'void java.lang.invoke.DirectMethodHandle$Holder.invokeStatic(java.lang.Object, int, java.lang.Object)'> (0x00000000e56c37d0) 
thrown [s\src\hotspot\share\interpreter\linkResolver.cpp, line 759]
Event: 3.588 Thread 0x000001f97e10e840 Exception <a 'java/lang/NoSuchMethodError'{0x00000000e5682a18}: 'void java.lang.invoke.DirectMethodHandle$Holder.invokeStatic(java.lang.Object, int, java.lang.Object)'> (0x00000000e5682a18) 
thrown [s\src\hotspot\share\interpreter\linkResolver.cpp, line 759]
Event: 3.588 Thread 0x000001f97e0fad60 Exception <a 'java/lang/NoSuchMethodError'{0x00000000e55c3218}: 'void java.lang.invoke.DirectMethodHandle$Holder.invokeStatic(java.lang.Object, int, java.lang.Object)'> (0x00000000e55c3218) 
thrown [s\src\hotspot\share\interpreter\linkResolver.cpp, line 759]
Event: 3.588 Thread 0x000001f97e102670 Exception <a 'java/lang/NoSuchMethodError'{0x00000000e5500e98}: 'void java.lang.invoke.DirectMethodHandle$Holder.invokeStatic(java.lang.Object, int, java.lang.Object)'> (0x00000000e5500e98) 
thrown [s\src\hotspot\share\interpreter\linkResolver.cpp, line 759]
Event: 3.588 Thread 0x000001f97e1abbf0 Exception <a 'java/lang/NoSuchMethodError'{0x00000000e5582a08}: 'void java.lang.invoke.DirectMethodHandle$Holder.invokeStatic(java.lang.Object, int, java.lang.Object)'> (0x00000000e5582a08) 
thrown [s\src\hotspot\share\interpreter\linkResolver.cpp, line 759]
Event: 3.588 Thread 0x000001f97e102190 Exception <a 'java/lang/NoSuchMethodError'{0x00000000e5541c50}: 'void java.lang.invoke.DirectMethodHandle$Holder.invokeStatic(java.lang.Object, int, java.lang.Object)'> (0x00000000e5541c50) 
thrown [s\src\hotspot\share\interpreter\linkResolver.cpp, line 759]
Event: 3.592 Thread 0x000001f97e434ca0 Exception <a 'java/lang/NoSuchMethodError'{0x00000000e540ae60}: 'java.lang.Object java.lang.invoke.DirectMethodHandle$Holder.newInvokeSpecial(java.lang.Object, java.lang.Object, int, java.lang.Object)'> (0x00000000e540ae60) 
thrown [s\src\hotspot\share\interpreter\linkResolver.cpp, line 759]
Event: 3.593 Thread 0x000001f97e434ca0 Exception <a 'java/lang/NoSuchMethodError'{0x00000000e54126f0}: 'java.lang.Object java.lang.invoke.DirectMethodHandle$Holder.invokeSpecial(java.lang.Object, java.lang.Object, java.lang.Object, int, java.lang.Object)'> (0x00000000e54126f0) 
thrown [s\src\hotspot\share\interpreter\linkResolver.cpp, line 759]
Event: 3.899 Thread 0x000001f97e43a2b0 Exception <a 'java/lang/NoSuchMethodError'{0x00000000e52196b0}: 'java.lang.Object java.lang.invoke.DirectMethodHandle$Holder.newInvokeSpecial(java.lang.Object, double)'> (0x00000000e52196b0) 
thrown [s\src\hotspot\share\interpreter\linkResolver.cpp, line 759]
Event: 3.899 Thread 0x000001f97e435bd0 Exception <a 'java/lang/NoSuchMethodError'{0x00000000e524ae50}: 'long java.lang.invoke.DirectMethodHandle$Holder.invokeInterface(java.lang.Object, java.lang.Object)'> (0x00000000e524ae50) 
thrown [s\src\hotspot\share\interpreter\linkResolver.cpp, line 759]
Event: 17.902 Thread 0x000001f97e435bd0 Exception <a 'java/lang/NoSuchMethodError'{0x00000000e4c4a570}: 'java.lang.Object java.lang.invoke.DirectMethodHandle$Holder.newInvokeSpecial(java.lang.Object, long, java.lang.Object)'> (0x00000000e4c4a570) 
thrown [s\src\hotspot\share\interpreter\linkResolver.cpp, line 759]
Event: 17.902 Thread 0x000001f97e435bd0 Exception <a 'java/lang/NoSuchMethodError'{0x00000000e4c4e4b0}: 'java.lang.Object java.lang.invoke.DirectMethodHandle$Holder.invokeSpecial(java.lang.Object, java.lang.Object, long, java.lang.Object)'> (0x00000000e4c4e4b0) 
thrown [s\src\hotspot\share\interpreter\linkResolver.cpp, line 759]
Event: 243.379 Thread 0x000001f97e10fc80 Implicit null exception at 0x000001f9719b40ab to 0x000001f9719b4ea4

VM Operations (20 events):
Event: 2098.446 Executing VM operation: G1CollectForAllocation done
Event: 2104.097 Executing VM operation: HandshakeAllThreads
Event: 2104.098 Executing VM operation: HandshakeAllThreads done
Event: 2139.888 Executing VM operation: G1CollectForAllocation
Event: 2139.891 Executing VM operation: G1CollectForAllocation done
Event: 2164.245 Executing VM operation: HandshakeAllThreads
Event: 2164.246 Executing VM operation: HandshakeAllThreads done
Event: 2180.982 Executing VM operation: G1CollectForAllocation
Event: 2180.983 Executing VM operation: G1CollectForAllocation done
Event: 2222.062 Executing VM operation: G1CollectForAllocation
Event: 2222.063 Executing VM operation: G1CollectForAllocation done
Event: 2224.270 Executing VM operation: HandshakeAllThreads
Event: 2224.271 Executing VM operation: HandshakeAllThreads done
Event: 2263.086 Executing VM operation: G1CollectForAllocation
Event: 2263.089 Executing VM operation: G1CollectForAllocation done
Event: 2284.444 Executing VM operation: HandshakeAllThreads
Event: 2284.444 Executing VM operation: HandshakeAllThreads done
Event: 2304.176 Executing VM operation: G1CollectForAllocation
Event: 2304.193 Executing VM operation: G1CollectForAllocation done
Event: 2309.935 Executing VM operation: G1CollectFull

Events (20 events):
Event: 1992.765 Thread 0x000001f97e437520 Thread added: 0x000001f97e437520
Event: 1993.769 Thread 0x000001f97e437520 Thread exited: 0x000001f97e437520
Event: 2000.109 Thread 0x000001f97e434ca0 Thread added: 0x000001f97e434ca0
Event: 2001.218 Thread 0x000001f97e434ca0 Thread exited: 0x000001f97e434ca0
Event: 2040.021 Thread 0x000001f97e433860 Thread exited: 0x000001f97e433860
Event: 2044.892 Thread 0x000001f97e437a30 Thread added: 0x000001f97e437a30
Event: 2104.965 Thread 0x000001f97e434280 Thread exited: 0x000001f97e434280
Event: 2105.124 Thread 0x000001f97e439da0 Thread added: 0x000001f97e439da0
Event: 2170.036 Thread 0x000001f97e437a30 Thread exited: 0x000001f97e437a30
Event: 2170.161 Thread 0x000001f97e438e70 Thread added: 0x000001f97e438e70
Event: 2230.319 Thread 0x000001f97e439da0 Thread exited: 0x000001f97e439da0
Event: 2235.102 Thread 0x000001f97e436b00 Thread added: 0x000001f97e436b00
Event: 2261.090 Thread 0x000001f97e437520 Thread added: 0x000001f97e437520
Event: 2262.105 Thread 0x000001f97e437520 Thread exited: 0x000001f97e437520
Event: 2295.197 Thread 0x000001f97e438e70 Thread exited: 0x000001f97e438e70
Event: 2295.333 Thread 0x000001f97e437520 Thread added: 0x000001f97e437520
Event: 2298.998 Thread 0x000001f97e439da0 Thread added: 0x000001f97e439da0
Event: 2300.007 Thread 0x000001f97e439da0 Thread exited: 0x000001f97e439da0
Event: 2300.484 Thread 0x000001f97e437a30 Thread added: 0x000001f97e437a30
Event: 2301.498 Thread 0x000001f97e437a30 Thread exited: 0x000001f97e437a30


Dynamic libraries:
0x00007ff731780000 - 0x00007ff73178e000 	C:\Program Files\AnyLogic 8.9 Personal Learning Edition\jre\bin\javaw.exe
0x00007ff8f4430000 - 0x00007ff8f4647000 	C:\WINDOWS\SYSTEM32\ntdll.dll
0x00007ff8f34f0000 - 0x00007ff8f35b4000 	C:\WINDOWS\System32\KERNEL32.DLL
0x00007ff8f19a0000 - 0x00007ff8f1d57000 	C:\WINDOWS\System32\KERNELBASE.dll
0x00007ff8f1d90000 - 0x00007ff8f1ea1000 	C:\WINDOWS\System32\ucrtbase.dll
0x00007ff8ce420000 - 0x00007ff8ce437000 	C:\Program Files\AnyLogic 8.9 Personal Learning Edition\jre\bin\jli.dll
0x00007ff8cb650000 - 0x00007ff8cb66b000 	C:\Program Files\AnyLogic 8.9 Personal Learning Edition\jre\bin\VCRUNTIME140.dll
0x00007ff8f4090000 - 0x00007ff8f423f000 	C:\WINDOWS\System32\USER32.dll
0x00007ff8f1d60000 - 0x00007ff8f1d86000 	C:\WINDOWS\System32\win32u.dll
0x00007ff8df2c0000 - 0x00007ff8df553000 	C:\WINDOWS\WinSxS\amd64_microsoft.windows.common-controls_6595b64144ccf1df_6.0.22621.3672_none_2713b9d173822955\COMCTL32.dll
0x00007ff8f3c20000 - 0x00007ff8f3c49000 	C:\WINDOWS\System32\GDI32.dll
0x00007ff8f1740000 - 0x00007ff8f1858000 	C:\WINDOWS\System32\gdi32full.dll
0x00007ff8f3fe0000 - 0x00007ff8f4087000 	C:\WINDOWS\System32\msvcrt.dll
0x00007ff8f1eb0000 - 0x00007ff8f1f4a000 	C:\WINDOWS\System32\msvcp_win.dll
0x00007ff8f2700000 - 0x00007ff8f2731000 	C:\WINDOWS\System32\IMM32.DLL
0x00007ff8d5370000 - 0x00007ff8d537c000 	C:\Program Files\AnyLogic 8.9 Personal Learning Edition\jre\bin\vcruntime140_1.dll
0x00007ff8aaaa0000 - 0x00007ff8aab2d000 	C:\Program Files\AnyLogic 8.9 Personal Learning Edition\jre\bin\msvcp140.dll
0x00007ff85f0f0000 - 0x00007ff85fd51000 	C:\Program Files\AnyLogic 8.9 Personal Learning Edition\jre\bin\server\jvm.dll
0x00007ff8f2740000 - 0x00007ff8f27f2000 	C:\WINDOWS\System32\ADVAPI32.dll
0x00007ff8f3440000 - 0x00007ff8f34e8000 	C:\WINDOWS\System32\sechost.dll
0x00007ff8f2130000 - 0x00007ff8f2158000 	C:\WINDOWS\System32\bcrypt.dll
0x00007ff8f29c0000 - 0x00007ff8f2ad4000 	C:\WINDOWS\System32\RPCRT4.dll
0x00007ff8f1610000 - 0x00007ff8f165d000 	C:\WINDOWS\SYSTEM32\POWRPROF.dll
0x00007ff8ed390000 - 0x00007ff8ed3c4000 	C:\WINDOWS\SYSTEM32\WINMM.dll
0x00007ff8e77e0000 - 0x00007ff8e77e9000 	C:\WINDOWS\SYSTEM32\WSOCK32.dll
0x00007ff8e9d80000 - 0x00007ff8e9d8a000 	C:\WINDOWS\SYSTEM32\VERSION.dll
0x00007ff8f2b50000 - 0x00007ff8f2bc1000 	C:\WINDOWS\System32\WS2_32.dll
0x00007ff8f15f0000 - 0x00007ff8f1603000 	C:\WINDOWS\SYSTEM32\UMPDC.dll
0x00007ff8f0770000 - 0x00007ff8f0788000 	C:\WINDOWS\SYSTEM32\kernel.appcore.dll
0x00007ff8e7560000 - 0x00007ff8e756a000 	C:\Program Files\AnyLogic 8.9 Personal Learning Edition\jre\bin\jimage.dll
0x00007ff8ee660000 - 0x00007ff8ee892000 	C:\WINDOWS\SYSTEM32\DBGHELP.DLL
0x00007ff8f3c50000 - 0x00007ff8f3fde000 	C:\WINDOWS\System32\combase.dll
0x00007ff8f2160000 - 0x00007ff8f2237000 	C:\WINDOWS\System32\OLEAUT32.dll
0x00007ff8de030000 - 0x00007ff8de062000 	C:\WINDOWS\SYSTEM32\dbgcore.DLL
0x00007ff8f1860000 - 0x00007ff8f18db000 	C:\WINDOWS\System32\bcryptPrimitives.dll
0x00007ff8d4370000 - 0x00007ff8d4395000 	C:\Program Files\AnyLogic 8.9 Personal Learning Edition\jre\bin\java.dll
0x00007ff899e90000 - 0x00007ff899f67000 	C:\Program Files\AnyLogic 8.9 Personal Learning Edition\jre\bin\jsvml.dll
0x00007ff8f2bd0000 - 0x00007ff8f3439000 	C:\WINDOWS\System32\SHELL32.dll
0x00007ff8ef690000 - 0x00007ff8eff8f000 	C:\WINDOWS\SYSTEM32\windows.storage.dll
0x00007ff8ef550000 - 0x00007ff8ef68f000 	C:\WINDOWS\SYSTEM32\wintypes.dll
0x00007ff8f2240000 - 0x00007ff8f2339000 	C:\WINDOWS\System32\SHCORE.dll
0x00007ff8f2af0000 - 0x00007ff8f2b4e000 	C:\WINDOWS\System32\shlwapi.dll
0x00007ff8f1670000 - 0x00007ff8f1697000 	C:\WINDOWS\SYSTEM32\profapi.dll
0x00007ff8d8c20000 - 0x00007ff8d8c39000 	C:\Program Files\AnyLogic 8.9 Personal Learning Edition\jre\bin\net.dll
0x00007ff8ed250000 - 0x00007ff8ed386000 	C:\WINDOWS\SYSTEM32\WINHTTP.dll
0x00007ff8f0be0000 - 0x00007ff8f0c49000 	C:\WINDOWS\system32\mswsock.dll
0x00007ff8d54f0000 - 0x00007ff8d5506000 	C:\Program Files\AnyLogic 8.9 Personal Learning Edition\jre\bin\nio.dll
0x00007ff8d5270000 - 0x00007ff8d5288000 	C:\Program Files\AnyLogic 8.9 Personal Learning Edition\jre\bin\zip.dll
0x00007ff899d00000 - 0x00007ff899e90000 	C:\Program Files\AnyLogic 8.9 Personal Learning Edition\jre\bin\awt.dll
0x00007ff8ecde0000 - 0x00007ff8ece77000 	C:\WINDOWS\SYSTEM32\apphelp.dll
0x00007ff8e7520000 - 0x00007ff8e7530000 	C:\Program Files\AnyLogic 8.9 Personal Learning Edition\jre\bin\verify.dll
0x00007ff8e74f0000 - 0x00007ff8e74f9000 	C:\Program Files\AnyLogic 8.9 Personal Learning Edition\jre\bin\management.dll
0x00007ff8e3840000 - 0x00007ff8e384b000 	C:\Program Files\AnyLogic 8.9 Personal Learning Edition\jre\bin\management_ext.dll
0x00007ff8f2ae0000 - 0x00007ff8f2ae8000 	C:\WINDOWS\System32\PSAPI.DLL
0x00007ff8f01f0000 - 0x00007ff8f021d000 	C:\WINDOWS\SYSTEM32\IPHLPAPI.DLL
0x00007ff8f23a0000 - 0x00007ff8f23a9000 	C:\WINDOWS\System32\NSI.dll
0x00007ff8ed900000 - 0x00007ff8ed919000 	C:\WINDOWS\SYSTEM32\dhcpcsvc6.DLL
0x00007ff8ed230000 - 0x00007ff8ed24f000 	C:\WINDOWS\SYSTEM32\dhcpcsvc.DLL
0x00007ff8f0260000 - 0x00007ff8f0362000 	C:\WINDOWS\SYSTEM32\DNSAPI.dll
0x00007ff8d2600000 - 0x00007ff8d2617000 	C:\WINDOWS\system32\napinsp.dll
0x00007ff8d17f0000 - 0x00007ff8d180b000 	C:\WINDOWS\system32\pnrpnsp.dll
0x00007ff8d1810000 - 0x00007ff8d1821000 	C:\WINDOWS\System32\winrnr.dll
0x00007ff8d17d0000 - 0x00007ff8d17e5000 	C:\WINDOWS\system32\wshbth.dll
0x00007ff8d03c0000 - 0x00007ff8d03e7000 	C:\WINDOWS\system32\nlansp_c.dll
0x00007ff8ea060000 - 0x00007ff8ea06a000 	C:\Windows\System32\rasadhlp.dll
0x00007ff8ea6a0000 - 0x00007ff8ea723000 	C:\WINDOWS\System32\fwpuclnt.dll
0x00007ff8e2020000 - 0x00007ff8e202e000 	C:\Program Files\AnyLogic 8.9 Personal Learning Edition\jre\bin\sunmscapi.dll
0x00007ff8f1f50000 - 0x00007ff8f20b6000 	C:\WINDOWS\System32\CRYPT32.dll
0x00007ff8f1010000 - 0x00007ff8f103d000 	C:\WINDOWS\SYSTEM32\ncrypt.dll
0x00007ff8f0f90000 - 0x00007ff8f0fc7000 	C:\WINDOWS\SYSTEM32\NTASN1.dll
0x00007ff85d920000 - 0x00007ff85d928000 	C:\WINDOWS\system32\wshunix.dll
0x00007ff8f0e40000 - 0x00007ff8f0e5b000 	C:\WINDOWS\SYSTEM32\CRYPTSP.dll
0x00007ff8f06d0000 - 0x00007ff8f0705000 	C:\WINDOWS\system32\rsaenh.dll
0x00007ff8f0cd0000 - 0x00007ff8f0cf8000 	C:\WINDOWS\SYSTEM32\USERENV.dll
0x00007ff8f0e30000 - 0x00007ff8f0e3c000 	C:\WINDOWS\SYSTEM32\CRYPTBASE.dll
0x00007ff8eec70000 - 0x00007ff8eed21000 	C:\WINDOWS\system32\uxtheme.dll
0x00007ff8f3620000 - 0x00007ff8f3780000 	C:\WINDOWS\System32\MSCTF.dll
0x00007ff8f24f0000 - 0x00007ff8f2695000 	C:\WINDOWS\System32\ole32.dll
0x00007ff8eeed0000 - 0x00007ff8eeefb000 	C:\WINDOWS\system32\DWMAPI.DLL
0x00007ff8cde10000 - 0x00007ff8cde98000 	C:\Program Files\AnyLogic 8.9 Personal Learning Edition\jre\bin\freetype.dll
0x00007ff8b9580000 - 0x00007ff8b9653000 	C:\Program Files\AnyLogic 8.9 Personal Learning Edition\jre\bin\fontmanager.dll
0x00007ff8b7050000 - 0x00007ff8b7150000 	C:\WINDOWS\system32\opengl32.dll
0x00007ff8bb0e0000 - 0x00007ff8bb10d000 	C:\WINDOWS\SYSTEM32\GLU32.dll
0x00007ff8eed80000 - 0x00007ff8eedb7000 	C:\WINDOWS\SYSTEM32\dxcore.dll
0x00007ff8e19d0000 - 0x00007ff8e1b78000 	C:\WINDOWS\system32\d3d9.dll
0x00007ff8e87c0000 - 0x00007ff8e897b000 	C:\WINDOWS\System32\DriverStore\FileRepository\u0404276.inf_amd64_b6ae906c9d4ab767\B403905\aticfx64.dll
0x00007ff8e1f30000 - 0x00007ff8e1f64000 	C:\WINDOWS\System32\DriverStore\FileRepository\u0404276.inf_amd64_b6ae906c9d4ab767\B403905\atiu9p64.dll
0x00007ff8346c0000 - 0x00007ff835407000 	C:\WINDOWS\System32\DriverStore\FileRepository\u0404276.inf_amd64_b6ae906c9d4ab767\B403905\atiumd64.dll
0x0000000075b20000 - 0x0000000076a33000 	C:\WINDOWS\System32\DriverStore\FileRepository\u0404276.inf_amd64_b6ae906c9d4ab767\B403905\atiumd6a.dll
0x00007ff8f3780000 - 0x00007ff8f3bf4000 	C:\WINDOWS\System32\SETUPAPI.dll
0x00007ff8e80c0000 - 0x00007ff8e80f5000 	C:\WINDOWS\SYSTEM32\amdihk64.dll
0x00007ff8e9df0000 - 0x00007ff8e9e39000 	C:\WINDOWS\SYSTEM32\directxdatabasehelper.dll

dbghelp: loaded successfully - version: 4.0.5 - missing functions: none
symbol engine: initialized successfully - sym options: 0x614 - pdb path: .;C:\Program Files\AnyLogic 8.9 Personal Learning Edition\jre\bin;C:\WINDOWS\SYSTEM32;C:\WINDOWS\WinSxS\amd64_microsoft.windows.common-controls_6595b64144ccf1df_6.0.22621.3672_none_2713b9d173822955;C:\Program Files\AnyLogic 8.9 Personal Learning Edition\jre\bin\server;C:\WINDOWS\System32\DriverStore\FileRepository\u0404276.inf_amd64_b6ae906c9d4ab767\B403905

VM Arguments:
jvm_args: -Xmx512m -DlanguageId_xjal=en0xppfr -DbuiltInTileCachePath_xjal=C:\Program Files\AnyLogic 8.9 Personal Learning Edition\plugins\com.anylogic.gis_8.9.6.202509050523\tiles -DflowchartCountersVisible_xjal=true -DflowchartPortStateAnimated_xjal=true -DenableWarnings_xjal=true -DenableObject3DLod_xjal=true -Denable2DVisibilityCheck_xjal=true -DstandaloneBrowserPath_xjal=C:/Program Files/AnyLogic 8.9 Personal Learning Edition/chromium/chromium-win64/chrome.exe -DstandaloneBrowserCommandArguments_xjal=--app=$1 --test-type -DanylogicIncomingPort_xjal=7880 -DbrowserUserDataPath_xjal=--user-data-dir=C:\Users\ferna\.AnyLogicPLE\Workspace8.8\chromium\userData -DuseProxy_xjal=false -Dfile.encoding=UTF-8 -XX:+ShowCodeDetailsInExceptionMessages 
java_command: com.anylogic.ms.MS criminalidadoaxacavallesc.Simulation 1c0e00d
java_class_path (initial): C:\Users\ferna\.AnyLogicPLE\Workspace8.8\CriminalidadOaxacaVallesC3_BUILD\classes;C:\Program Files\AnyLogic 8.9 Personal Learning Edition\plugins\com.anylogic.libraries.modules_8.9.6.202509050523\lib\MarkupDescriptors\MarkupDescriptors.jar;C:\Program Files\AnyLogic 8.9 Personal Learning Edition\plugins\com.anylogic.process_modeling_library_8.9.6.202509050523\lib\ProcessModelingLibrary.jar;C:\Program Files\AnyLogic 8.9 Personal Learning Edition\plugins\com.anylogic.engine_8.9.6.202509050523\com.anylogic.engine.jar;C:\Program Files\AnyLogic 8.9 Personal Learning Edition\plugins\com.anylogic.engine.database_8.9.6.202509050523\com.anylogic.engine.database.jar;C:\Program Files\AnyLogic 8.9 Personal Learning Edition\plugins\com.anylogic.engine.datautil_8.9.6.202509050523\com.anylogic.engine.datautil.jar;C:\Program Files\AnyLogic 8.9 Personal Learning Edition\plugins\com.anylogic.engine.editorapi_8.9.6.202509050523\com.anylogic.engine.editorapi.jar;C:\Program Files\AnyLogic 8.9 Personal Learning Edition\plugins\com.anylogic.engine.gis_8.9.6.202509050523\com.anylogic.engine.gis.jar;C:\Program Files\AnyLogic 8.9 Personal Learning Edition\plugins\com.anylogic.engine.sa_8.9.6.202509050523\com.anylogic.engine.sa.jar;C:\Program Files\AnyLogic 8.9 Personal Learning Edition\plugins\com.anylogic.core8_8.9.6.202509050523\com.anylogic.ms.jar;C:\Program Files\AnyLogic 8.9 Personal Learning Edition\plugins\com.anylogic.engine.sa_8.9.6.202509050523\lib\sa\com.anylogic.engine.sa.web.jar;C:\Program Files\AnyLogic 8.9 Personal Learning Edition\plugins\com.anylogic.engine.sa_8.9.6.202509050523\lib\al-spark-core-2.9.4-with-jetty-9.4.57.jar;C:\Program Files\AnyLogic 8.9 Personal Learning Edition\plugins\com.anylogic.engine.sa_8.9.6.202509050523\lib\jackson-annotations-2.16.2.jar;C:\Program Files\AnyLogic 8.9 Personal Learning Edition\plugins\com.anylogic.engine.sa_8.9.6.202509050523\lib\jackson-core-2.16.2.jar;C:\Program Files\AnyLogic 8.9 Personal Learning Editio
Launcher Type: SUN_STANDARD

[Global flags]
     intx CICompilerCount                          = 4                                         {product} {ergonomic}
     uint ConcGCThreads                            = 3                                         {product} {ergonomic}
     uint G1ConcRefinementThreads                  = 10                                        {product} {ergonomic}
   size_t G1HeapRegionSize                         = 1048576                                   {product} {ergonomic}
    uintx GCDrainStackTargetSize                   = 64                                        {product} {ergonomic}
   size_t InitialHeapSize                          = 98566144                                  {product} {ergonomic}
   size_t MarkStackSize                            = 4194304                                   {product} {ergonomic}
   size_t MaxHeapSize                              = 536870912                                 {product} {command line}
   size_t MaxNewSize                               = 321912832                                 {product} {ergonomic}
   size_t MinHeapDeltaBytes                        = 1048576                                   {product} {ergonomic}
   size_t MinHeapSize                              = 8388608                                   {product} {ergonomic}
    uintx NonNMethodCodeHeapSize                   = 5839372                                {pd product} {ergonomic}
    uintx NonProfiledCodeHeapSize                  = 122909434                              {pd product} {ergonomic}
    uintx ProfiledCodeHeapSize                     = 122909434                              {pd product} {ergonomic}
    uintx ReservedCodeCacheSize                    = 251658240                              {pd product} {ergonomic}
     bool SegmentedCodeCache                       = true                                      {product} {ergonomic}
     bool ShowCodeDetailsInExceptionMessages       = true                                   {manageable} {command line}
   size_t SoftMaxHeapSize                          = 536870912                              {manageable} {ergonomic}
     bool UseCompressedClassPointers               = true                           {product lp64_product} {ergonomic}
     bool UseCompressedOops                        = true                           {product lp64_product} {ergonomic}
     bool UseG1GC                                  = true                                      {product} {ergonomic}
     bool UseLargePagesIndividualAllocation        = false                                  {pd product} {ergonomic}

Logging:
Log output configuration:
 #0: stdout all=warning uptime,level,tags
 #1: stderr all=off uptime,level,tags

Environment Variables:
PATH=C:/Program Files/AnyLogic 8.9 Personal Learning Edition/jre/bin/server;C:/Program Files/AnyLogic 8.9 Personal Learning Edition/jre/bin;C:\WINDOWS.X64_193000_db_home\bin;C:\Users\ferna\Downloads\WINDOWS.X64_193000_db_home\bin;C:\Program Files\Common Files\Oracle\Java\javapath;C:\WINDOWS\system32;C:\WINDOWS;C:\WINDOWS\System32\Wbem;C:\WINDOWS\System32\WindowsPowerShell\v1.0\;C:\WINDOWS\System32\OpenSSH\;C:\Users\ferna\Dropbox\gs10.01.1\bin;C:\Program Files\Git\cmd;C:\msys64\mingw64\bin;C:\Program Files\nodejs\;C:\Users\ferna\AppData\Local\Programs\Python\Python313\Scripts\;C:\Users\ferna\AppData\Local\Programs\Python\Python313\;C:\Users\ferna\AppData\Local\Programs\Python\Launcher\;C:\Program Files\MySQL\MySQL Shell 8.0\bin\;C:\Users\ferna\AppData\Local\Microsoft\WindowsApps;C:\Users\ferna\AppData\Local\GitHubDesktop\bin;D:\Microsoft VS Code\bin;C:\ghcup\bin;C:\Users\ferna\AppData\Local\Microsoft\WindowsApps\python.exe;C:\Users\ferna\AppData\Local\Programs\Python\Python313\python.exe;C:\Users\ferna\AppData\Roaming\npm;C:\php;C:\tools;C:\ProgramData\ComposerSetup\bin;C:\Users\ferna\AppData\Roaming\Composer\vendor\bin;C:\Program Files\7-Zip;C:\Program Files\cursor\resources\app\bin;C:\Users\ferna\AppData\Local\Programs\Python\Python313\Scripts\;C:\Users\ferna\AppData\Local\Programs\Python\Python313\;C:\Users\ferna\AppData\Local\Programs\Python\Launcher\;C:\Program Files\MySQL\MySQL Shell 8.0\bin\;C:\Users\ferna\AppData\Local\Microsoft\WindowsApps;C:\Users\ferna\AppData\Local\GitHubDesktop\bin;D:\Microsoft VS Code\bin;C:\ghcup\bin;C:\Users\ferna\AppData\Local\Microsoft\WindowsApps\python.exe;C:\Users\ferna\AppData\Local\Programs\Python\Python313\python.exe;C:\Users\ferna\AppData\Roaming\npm;C:\Users\ferna\AppData\Roaming\Composer\vendor\bin;D:\Antigravity\bin;C:\Program Files\AnyLogic 8.9 Personal Learning Edition;
USERNAME=ferna
OS=Windows_NT
PROCESSOR_IDENTIFIER=AMD64 Family 23 Model 104 Stepping 1, AuthenticAMD
TMP=C:\Users\ferna\AppData\Local\Temp
TEMP=C:\Users\ferna\AppData\Local\Temp



Periodic native trim disabled


---------------  S Y S T E M  ---------------

OS:
 Windows 11 , 64 bit Build 22621 (10.0.22621.3958)
OS uptime: 23 days 22:51 hours

CPU: total 12 (initial active 12) (12 cores per cpu, 2 threads per core) family 23 model 104 stepping 1 microcode 0x0, cx8, cmov, fxsr, ht, mmx, 3dnowpref, sse, sse2, sse3, ssse3, sse4a, sse4.1, sse4.2, popcnt, lzcnt, tsc, tscinvbit, avx, avx2, aes, clmul, bmi1, bmi2, adx, sha, fma, vzeroupper, clflush, clflushopt
Processor Information for processor 0
  Max Mhz: 2100, Current Mhz: 2100, Mhz Limit: 2100
Processor Information for processor 1
  Max Mhz: 2100, Current Mhz: 1988, Mhz Limit: 2100
Processor Information for processor 2
  Max Mhz: 2100, Current Mhz: 2100, Mhz Limit: 2100
Processor Information for processor 3
  Max Mhz: 2100, Current Mhz: 1988, Mhz Limit: 2100
Processor Information for processor 4
  Max Mhz: 2100, Current Mhz: 2100, Mhz Limit: 2100
Processor Information for processor 5
  Max Mhz: 2100, Current Mhz: 1988, Mhz Limit: 2100
Processor Information for processor 6
  Max Mhz: 2100, Current Mhz: 2100, Mhz Limit: 2100
Processor Information for processor 7
  Max Mhz: 2100, Current Mhz: 1988, Mhz Limit: 2100
Processor Information for processor 8
  Max Mhz: 2100, Current Mhz: 2100, Mhz Limit: 2100
Processor Information for processor 9
  Max Mhz: 2100, Current Mhz: 1988, Mhz Limit: 2100
Processor Information for processor 10
  Max Mhz: 2100, Current Mhz: 2100, Mhz Limit: 2100
Processor Information for processor 11
  Max Mhz: 2100, Current Mhz: 2100, Mhz Limit: 2100

Memory: 4k page, system-wide physical 5989M (362M free)
TotalPageFile size 24421M (AvailPageFile size 88M)
current process WorkingSet (physical memory assigned to process): 92M, peak: 231M
current process commit charge ("private bytes"): 288M, peak: 297M

vm_info: OpenJDK 64-Bit Server VM (17.0.9+9) for windows-amd64 JRE (17.0.9+9), built on Oct 26 2023 14:01:42 by "admin" with MS VC++ 16.10 / 16.11 (VS2019)

END.
